2019-08-28 18:25:53,744 :: INFO :: Start experiment: fosco-177988
2019-08-28 18:25:53,747 :: INFO :: Control node : Starting of control node serial interface
2019-08-28 18:25:53,750 :: INFO :: Control node : reset
2019-08-28 18:25:53,754 :: INFO :: Reset Control Node
2019-08-28 18:25:56,965 :: INFO :: Control node : start power of open node
2019-08-28 18:25:57,026 :: INFO :: Node M3 : Setup of m3 node
2019-08-28 18:25:57,042 :: INFO :: Node M3 : flash of m3 node
2019-08-28 18:25:57,056 :: INFO :: Flash firmware on M3: /tmp/tmpU4TNK3--372bc4b0b6d225c081f34986f74dfd20_tutorial_m3.elf
2019-08-28 18:26:02,019 :: ERROR :: RestServer: Request would block, abort
2019-08-28 18:26:02,463 :: INFO :: Control node : Start experiment
2019-08-28 18:26:02,531 :: INFO :: Control Node set time delay: 1678 us
2019-08-28 18:26:02,589 :: INFO :: Control node : profile configuration
2019-08-28 18:26:02,596 :: INFO :: Configure profile on Control Node
2019-08-28 18:26:02,647 :: INFO :: Start experiment succeeded
2019-08-28 18:27:01,394 :: INFO :: Check 'control' node ftdi
2019-08-28 18:27:01,600 :: INFO :: 'control' node ftdi found
2019-08-28 18:27:01,605 :: INFO :: Check 'm3' node ftdi
2019-08-28 18:27:01,712 :: INFO :: 'm3' node ftdi found
2019-08-28 18:28:02,081 :: INFO :: Check 'control' node ftdi
2019-08-28 18:28:02,283 :: INFO :: 'control' node ftdi found
2019-08-28 18:28:02,291 :: INFO :: Check 'm3' node ftdi
2019-08-28 18:28:02,449 :: INFO :: 'm3' node ftdi found
2019-08-28 18:28:58,308 :: INFO :: Check 'control' node ftdi
2019-08-28 18:28:58,603 :: INFO :: 'control' node ftdi found
2019-08-28 18:28:58,607 :: INFO :: Check 'm3' node ftdi
2019-08-28 18:28:58,702 :: INFO :: 'm3' node ftdi found
2019-08-28 18:29:01,813 :: INFO :: Check 'control' node ftdi
2019-08-28 18:29:02,048 :: INFO :: 'control' node ftdi found
2019-08-28 18:29:02,053 :: INFO :: Check 'm3' node ftdi
2019-08-28 18:29:02,159 :: INFO :: 'm3' node ftdi found
2019-08-28 18:30:01,531 :: INFO :: Check 'control' node ftdi
2019-08-28 18:30:01,715 :: INFO :: 'control' node ftdi found
2019-08-28 18:30:01,720 :: INFO :: Check 'm3' node ftdi
2019-08-28 18:30:01,827 :: INFO :: 'm3' node ftdi found
2019-08-28 18:31:02,173 :: INFO :: Check 'control' node ftdi
2019-08-28 18:31:02,351 :: INFO :: 'control' node ftdi found
2019-08-28 18:31:02,359 :: INFO :: Check 'm3' node ftdi
2019-08-28 18:31:02,517 :: INFO :: 'm3' node ftdi found
2019-08-28 18:32:01,889 :: INFO :: Check 'control' node ftdi
2019-08-28 18:32:02,194 :: INFO :: 'control' node ftdi found
2019-08-28 18:32:02,199 :: INFO :: Check 'm3' node ftdi
2019-08-28 18:32:02,295 :: INFO :: 'm3' node ftdi found
2019-08-28 18:33:01,649 :: INFO :: Check 'control' node ftdi
2019-08-28 18:33:01,829 :: INFO :: 'control' node ftdi found
2019-08-28 18:33:01,838 :: INFO :: Check 'm3' node ftdi
2019-08-28 18:33:01,984 :: INFO :: 'm3' node ftdi found
2019-08-28 18:33:58,123 :: INFO :: Check 'control' node ftdi
2019-08-28 18:33:58,395 :: INFO :: 'control' node ftdi found
2019-08-28 18:33:58,399 :: INFO :: Check 'm3' node ftdi
2019-08-28 18:33:58,516 :: INFO :: 'm3' node ftdi found
2019-08-28 18:34:01,364 :: INFO :: Check 'control' node ftdi
2019-08-28 18:34:01,530 :: INFO :: 'control' node ftdi found
2019-08-28 18:34:01,539 :: INFO :: Check 'm3' node ftdi
2019-08-28 18:34:01,697 :: INFO :: 'm3' node ftdi found
2019-08-28 18:35:02,079 :: INFO :: Check 'control' node ftdi
2019-08-28 18:35:02,374 :: INFO :: 'control' node ftdi found
2019-08-28 18:35:02,378 :: INFO :: Check 'm3' node ftdi
2019-08-28 18:35:02,485 :: INFO :: 'm3' node ftdi found
2019-08-28 18:36:01,857 :: INFO :: Check 'control' node ftdi
2019-08-28 18:36:02,144 :: INFO :: 'control' node ftdi found
2019-08-28 18:36:02,153 :: INFO :: Check 'm3' node ftdi
2019-08-28 18:36:02,264 :: INFO :: 'm3' node ftdi found
2019-08-28 18:37:01,624 :: INFO :: Check 'control' node ftdi
2019-08-28 18:37:01,821 :: INFO :: 'control' node ftdi found
2019-08-28 18:37:01,830 :: INFO :: Check 'm3' node ftdi
2019-08-28 18:37:01,988 :: INFO :: 'm3' node ftdi found
2019-08-28 18:38:01,351 :: INFO :: Check 'control' node ftdi
2019-08-28 18:38:01,521 :: INFO :: 'control' node ftdi found
2019-08-28 18:38:01,530 :: INFO :: Check 'm3' node ftdi
2019-08-28 18:38:01,688 :: INFO :: 'm3' node ftdi found
2019-08-28 18:38:58,179 :: INFO :: Check 'control' node ftdi
2019-08-28 18:38:58,497 :: INFO :: 'control' node ftdi found
2019-08-28 18:38:58,501 :: INFO :: Check 'm3' node ftdi
2019-08-28 18:38:58,608 :: INFO :: 'm3' node ftdi found
2019-08-28 18:39:02,062 :: INFO :: Check 'control' node ftdi
2019-08-28 18:39:02,267 :: INFO :: 'control' node ftdi found
2019-08-28 18:39:02,275 :: INFO :: Check 'm3' node ftdi
2019-08-28 18:39:02,490 :: INFO :: 'm3' node ftdi found
2019-08-28 18:40:01,860 :: INFO :: Check 'control' node ftdi
2019-08-28 18:40:02,156 :: INFO :: 'control' node ftdi found
2019-08-28 18:40:02,160 :: INFO :: Check 'm3' node ftdi
2019-08-28 18:40:02,267 :: INFO :: 'm3' node ftdi found
2019-08-28 18:41:01,614 :: INFO :: Check 'control' node ftdi
2019-08-28 18:41:01,800 :: INFO :: 'control' node ftdi found
2019-08-28 18:41:01,809 :: INFO :: Check 'm3' node ftdi
2019-08-28 18:41:01,958 :: INFO :: 'm3' node ftdi found
2019-08-28 18:42:01,337 :: INFO :: Check 'control' node ftdi
2019-08-28 18:42:01,521 :: INFO :: 'control' node ftdi found
2019-08-28 18:42:01,526 :: INFO :: Check 'm3' node ftdi
2019-08-28 18:42:01,632 :: INFO :: 'm3' node ftdi found
2019-08-28 18:43:02,010 :: INFO :: Check 'control' node ftdi
2019-08-28 18:43:02,299 :: INFO :: 'control' node ftdi found
2019-08-28 18:43:02,303 :: INFO :: Check 'm3' node ftdi
2019-08-28 18:43:02,410 :: INFO :: 'm3' node ftdi found
2019-08-28 18:43:58,266 :: INFO :: Check 'control' node ftdi
2019-08-28 18:43:58,577 :: INFO :: 'control' node ftdi found
2019-08-28 18:43:58,581 :: INFO :: Check 'm3' node ftdi
2019-08-28 18:43:58,677 :: INFO :: 'm3' node ftdi found
2019-08-28 18:44:01,747 :: INFO :: Check 'control' node ftdi
2019-08-28 18:44:01,913 :: INFO :: 'control' node ftdi found
2019-08-28 18:44:01,922 :: INFO :: Check 'm3' node ftdi
2019-08-28 18:44:02,091 :: INFO :: 'm3' node ftdi found
2019-08-28 18:45:01,423 :: INFO :: Check 'control' node ftdi
2019-08-28 18:45:01,591 :: INFO :: 'control' node ftdi found
2019-08-28 18:45:01,600 :: INFO :: Check 'm3' node ftdi
2019-08-28 18:45:01,735 :: INFO :: 'm3' node ftdi found
2019-08-28 18:46:02,119 :: INFO :: Check 'control' node ftdi
2019-08-28 18:46:02,424 :: INFO :: 'control' node ftdi found
2019-08-28 18:46:02,429 :: INFO :: Check 'm3' node ftdi
2019-08-28 18:46:02,535 :: INFO :: 'm3' node ftdi found
2019-08-28 18:46:07,560 :: INFO :: Gateway Manager : Stop experiment
2019-08-28 18:46:07,578 :: INFO :: Stop experiment
2019-08-28 18:46:07,595 :: INFO :: Control node : stop of the experiment
2019-08-28 18:46:07,609 :: INFO :: Control node : profile configuration
2019-08-28 18:46:07,623 :: INFO :: Configure profile on Control Node
2019-08-28 18:46:07,765 :: INFO :: Control node : start power of open node
2019-08-28 18:46:07,821 :: INFO :: Node M3 : teardown of m3 node
2019-08-28 18:46:07,825 :: INFO :: M3 Node debugger stop
2019-08-28 18:46:07,943 :: INFO :: Node M3 : flash of m3 node
2019-08-28 18:46:07,946 :: INFO :: Flash firmware on M3: /usr/lib/python2.7/site-packages/gateway_code/static/idle_m3.elf
2019-08-28 18:46:11,303 :: INFO :: Control node : Stop control node serial interface
2019-08-28 18:46:11,314 :: INFO :: Control node : stop power of open node
2019-08-28 18:46:11,435 :: INFO :: Control node : reset
2019-08-28 18:46:11,441 :: INFO :: Reset Control Node
2019-08-28 18:46:14,455 :: INFO :: Stop experiment succeeded
