2019-08-28 19:31:39,566 :: INFO :: Start experiment: fosco-177989
2019-08-28 19:31:39,578 :: INFO :: Control node : Starting of control node serial interface
2019-08-28 19:31:39,589 :: INFO :: Control node : reset
2019-08-28 19:31:39,601 :: INFO :: Reset Control Node
2019-08-28 19:31:42,885 :: INFO :: Control node : start power of open node
2019-08-28 19:31:42,944 :: INFO :: Node M3 : Setup of m3 node
2019-08-28 19:31:42,960 :: INFO :: Node M3 : flash of m3 node
2019-08-28 19:31:42,966 :: INFO :: Flash firmware on M3: /usr/lib/python2.7/site-packages/gateway_code/static/idle_m3.elf
2019-08-28 19:31:46,705 :: INFO :: Control node : Start experiment
2019-08-28 19:31:46,758 :: INFO :: Control Node set time delay: 1129 us
2019-08-28 19:31:46,789 :: INFO :: Control node : profile configuration
2019-08-28 19:31:46,796 :: INFO :: Configure profile on Control Node
2019-08-28 19:31:46,853 :: INFO :: Start experiment succeeded
2019-08-28 19:32:01,665 :: INFO :: Check 'control' node ftdi
2019-08-28 19:32:01,959 :: INFO :: 'control' node ftdi found
2019-08-28 19:32:01,966 :: INFO :: Check 'm3' node ftdi
2019-08-28 19:32:02,065 :: INFO :: 'm3' node ftdi found
2019-08-28 19:33:01,418 :: INFO :: Check 'control' node ftdi
2019-08-28 19:33:01,713 :: INFO :: 'control' node ftdi found
2019-08-28 19:33:01,717 :: INFO :: Check 'm3' node ftdi
2019-08-28 19:33:01,813 :: INFO :: 'm3' node ftdi found
2019-08-28 19:33:58,333 :: INFO :: Check 'control' node ftdi
2019-08-28 19:33:58,626 :: INFO :: 'control' node ftdi found
2019-08-28 19:33:58,630 :: INFO :: Check 'm3' node ftdi
2019-08-28 19:33:58,726 :: INFO :: 'm3' node ftdi found
2019-08-28 19:34:02,168 :: INFO :: Check 'control' node ftdi
2019-08-28 19:34:02,472 :: INFO :: 'control' node ftdi found
2019-08-28 19:34:02,477 :: INFO :: Check 'm3' node ftdi
2019-08-28 19:34:02,595 :: INFO :: 'm3' node ftdi found
2019-08-28 19:35:01,971 :: INFO :: Check 'control' node ftdi
2019-08-28 19:35:02,146 :: INFO :: 'control' node ftdi found
2019-08-28 19:35:02,154 :: INFO :: Check 'm3' node ftdi
2019-08-28 19:35:02,311 :: INFO :: 'm3' node ftdi found
2019-08-28 19:36:01,707 :: INFO :: Check 'control' node ftdi
2019-08-28 19:36:01,936 :: INFO :: 'control' node ftdi found
2019-08-28 19:36:01,940 :: INFO :: Check 'm3' node ftdi
2019-08-28 19:36:02,049 :: INFO :: 'm3' node ftdi found
2019-08-28 19:37:01,397 :: INFO :: Check 'control' node ftdi
2019-08-28 19:37:01,551 :: INFO :: 'control' node ftdi found
2019-08-28 19:37:01,560 :: INFO :: Check 'm3' node ftdi
2019-08-28 19:37:01,718 :: INFO :: 'm3' node ftdi found
2019-08-28 19:38:02,088 :: INFO :: Check 'control' node ftdi
2019-08-28 19:38:02,276 :: INFO :: 'control' node ftdi found
2019-08-28 19:38:02,285 :: INFO :: Check 'm3' node ftdi
2019-08-28 19:38:02,486 :: INFO :: 'm3' node ftdi found
2019-08-28 19:38:58,258 :: INFO :: Check 'control' node ftdi
2019-08-28 19:38:58,577 :: INFO :: 'control' node ftdi found
2019-08-28 19:38:58,582 :: INFO :: Check 'm3' node ftdi
2019-08-28 19:38:58,678 :: INFO :: 'm3' node ftdi found
2019-08-28 19:39:01,849 :: INFO :: Check 'control' node ftdi
2019-08-28 19:39:02,079 :: INFO :: 'control' node ftdi found
2019-08-28 19:39:02,084 :: INFO :: Check 'm3' node ftdi
2019-08-28 19:39:02,201 :: INFO :: 'm3' node ftdi found
2019-08-28 19:40:01,545 :: INFO :: Check 'control' node ftdi
2019-08-28 19:40:01,717 :: INFO :: 'control' node ftdi found
2019-08-28 19:40:01,726 :: INFO :: Check 'm3' node ftdi
2019-08-28 19:40:01,871 :: INFO :: 'm3' node ftdi found
2019-08-28 19:41:01,257 :: INFO :: Check 'control' node ftdi
2019-08-28 19:41:01,420 :: INFO :: 'control' node ftdi found
2019-08-28 19:41:01,429 :: INFO :: Check 'm3' node ftdi
2019-08-28 19:41:01,563 :: INFO :: 'm3' node ftdi found
2019-08-28 19:42:01,937 :: INFO :: Check 'control' node ftdi
2019-08-28 19:42:02,232 :: INFO :: 'control' node ftdi found
2019-08-28 19:42:02,236 :: INFO :: Check 'm3' node ftdi
2019-08-28 19:42:02,332 :: INFO :: 'm3' node ftdi found
2019-08-28 19:43:01,667 :: INFO :: Check 'control' node ftdi
2019-08-28 19:43:01,839 :: INFO :: 'control' node ftdi found
2019-08-28 19:43:01,847 :: INFO :: Check 'm3' node ftdi
2019-08-28 19:43:02,015 :: INFO :: 'm3' node ftdi found
2019-08-28 19:43:58,149 :: INFO :: Check 'control' node ftdi
2019-08-28 19:43:58,462 :: INFO :: 'control' node ftdi found
2019-08-28 19:43:58,466 :: INFO :: Check 'm3' node ftdi
2019-08-28 19:43:58,573 :: INFO :: 'm3' node ftdi found
2019-08-28 19:44:01,382 :: INFO :: Check 'control' node ftdi
2019-08-28 19:44:01,679 :: INFO :: 'control' node ftdi found
2019-08-28 19:44:01,687 :: INFO :: Check 'm3' node ftdi
2019-08-28 19:44:01,785 :: INFO :: 'm3' node ftdi found
2019-08-28 19:45:02,167 :: INFO :: Check 'control' node ftdi
2019-08-28 19:45:02,471 :: INFO :: 'control' node ftdi found
2019-08-28 19:45:02,477 :: INFO :: Check 'm3' node ftdi
2019-08-28 19:45:02,577 :: INFO :: 'm3' node ftdi found
2019-08-28 19:46:01,924 :: INFO :: Check 'control' node ftdi
2019-08-28 19:46:02,104 :: INFO :: 'control' node ftdi found
2019-08-28 19:46:02,112 :: INFO :: Check 'm3' node ftdi
2019-08-28 19:46:02,258 :: INFO :: 'm3' node ftdi found
2019-08-28 19:47:01,628 :: INFO :: Check 'control' node ftdi
2019-08-28 19:47:01,819 :: INFO :: 'control' node ftdi found
2019-08-28 19:47:01,828 :: INFO :: Check 'm3' node ftdi
2019-08-28 19:47:01,986 :: INFO :: 'm3' node ftdi found
2019-08-28 19:48:01,405 :: INFO :: Check 'control' node ftdi
2019-08-28 19:48:01,676 :: INFO :: 'control' node ftdi found
2019-08-28 19:48:01,680 :: INFO :: Check 'm3' node ftdi
2019-08-28 19:48:01,776 :: INFO :: 'm3' node ftdi found
2019-08-28 19:48:58,240 :: INFO :: Check 'control' node ftdi
2019-08-28 19:48:58,567 :: INFO :: 'control' node ftdi found
2019-08-28 19:48:58,571 :: INFO :: Check 'm3' node ftdi
2019-08-28 19:48:58,667 :: INFO :: 'm3' node ftdi found
2019-08-28 19:49:02,164 :: INFO :: Check 'control' node ftdi
2019-08-28 19:49:02,337 :: INFO :: 'control' node ftdi found
2019-08-28 19:49:02,346 :: INFO :: Check 'm3' node ftdi
2019-08-28 19:49:02,504 :: INFO :: 'm3' node ftdi found
2019-08-28 19:50:01,865 :: INFO :: Check 'control' node ftdi
2019-08-28 19:50:02,127 :: INFO :: 'control' node ftdi found
2019-08-28 19:50:02,132 :: INFO :: Check 'm3' node ftdi
2019-08-28 19:50:02,239 :: INFO :: 'm3' node ftdi found
2019-08-28 19:51:01,611 :: INFO :: Check 'control' node ftdi
2019-08-28 19:51:01,820 :: INFO :: 'control' node ftdi found
2019-08-28 19:51:01,829 :: INFO :: Check 'm3' node ftdi
2019-08-28 19:51:01,987 :: INFO :: 'm3' node ftdi found
2019-08-28 19:51:51,687 :: INFO :: Gateway Manager : Stop experiment
2019-08-28 19:51:51,696 :: INFO :: Stop experiment
2019-08-28 19:51:51,704 :: INFO :: Control node : stop of the experiment
2019-08-28 19:51:51,713 :: INFO :: Control node : profile configuration
2019-08-28 19:51:51,720 :: INFO :: Configure profile on Control Node
2019-08-28 19:51:51,786 :: INFO :: Control node : start power of open node
2019-08-28 19:51:51,825 :: INFO :: Node M3 : teardown of m3 node
2019-08-28 19:51:51,833 :: INFO :: M3 Node debugger stop
2019-08-28 19:51:51,975 :: INFO :: Node M3 : flash of m3 node
2019-08-28 19:51:51,982 :: INFO :: Flash firmware on M3: /usr/lib/python2.7/site-packages/gateway_code/static/idle_m3.elf
2019-08-28 19:51:55,348 :: INFO :: Control node : Stop control node serial interface
2019-08-28 19:51:55,359 :: INFO :: Control node : stop power of open node
2019-08-28 19:51:55,412 :: INFO :: Control node : reset
2019-08-28 19:51:55,418 :: INFO :: Reset Control Node
2019-08-28 19:51:58,448 :: INFO :: Stop experiment succeeded
